Build started 08/06/2016 2:06:14 PM.
     1>Project "C:\Users\Tianyu Li\Desktop\Visual Studio Projects\DYN232M C++ Sample Code V11.28\DYN232M C++ Sample Code V11.28\DYN232M C++ Sample Code V11.28.vcxproj" on node 2 (build target(s)).
     1>InitializeBuildStatus:
         Creating "Debug\DYN232M C++ Sample Code V11.28.unsuccessfulbuild" because "AlwaysCreate" was specified.
       GenerateTargetFrameworkMonikerAttribute:
       Skipping target "GenerateTargetFrameworkMonikerAttribute" because all output files are up-to-date with respect to the input files.
       ClCompile:
         All outputs are up-to-date.
         c:\Program Files (x86)\Microsoft Visual Studio 10.0\VC\bin\CL.exe /c /AI"C:\Program Files (x86)\Reference Assemblies\Microsoft\Framework\.NETFramework\v4.0" /Zi /clr:pure /nologo /W3 /WX- /Od /Oy- /D WIN32 /D _DEBUG /EHa /MDd /GS /fp:precise /Zc:wchar_t /Zc:forScope /Yu"StdAfx.h" /Fp"Debug\DYN232M C++ Sample Code V11.28.pch" /Fo"Debug\\" /Fd"Debug\vc100.pdb" /TP /FU"C:\Program Files (x86)\Reference Assemblies\Microsoft\Framework\.NETFramework\v4.0\System.Core.dll" /FU"C:\Program Files (x86)\Reference Assemblies\Microsoft\Framework\.NETFramework\v4.0\System.Data.dll" /FU"C:\Program Files (x86)\Reference Assemblies\Microsoft\Framework\.NETFramework\v4.0\System.dll" /FU"C:\Program Files (x86)\Reference Assemblies\Microsoft\Framework\.NETFramework\v4.0\System.Drawing.dll" /FU"C:\Program Files (x86)\Reference Assemblies\Microsoft\Framework\.NETFramework\v4.0\System.Windows.Forms.dll" /FU"C:\Program Files (x86)\Reference Assemblies\Microsoft\Framework\.NETFramework\v4.0\System.Xml.dll" /analyze- /errorReport:prompt "DYN232M C++ Sample Code V11.28.cpp" /clr:nostdlib 
         DYN232M C++ Sample Code V11.28.cpp
     1>c:\users\tianyu li\desktop\visual studio projects\dyn232m c++ sample code v11.28\dyn232m c++ sample code v11.28\Form1.h(480): warning C4101: 'TempPos32' : unreferenced local variable
         All outputs are up-to-date.
       CoreResGen:
         "C:\Program Files (x86)\Microsoft SDKs\Windows\v7.0A\bin\NETFX 4.0 Tools\resgen.exe" /useSourcePath /r:"C:\Program Files (x86)\Reference Assemblies\Microsoft\Framework\.NETFramework\v4.0\System.Core.dll" /r:"C:\Program Files (x86)\Reference Assemblies\Microsoft\Framework\.NETFramework\v4.0\System.Data.dll" /r:"C:\Program Files (x86)\Reference Assemblies\Microsoft\Framework\.NETFramework\v4.0\System.dll" /r:"C:\Program Files (x86)\Reference Assemblies\Microsoft\Framework\.NETFramework\v4.0\System.Drawing.dll" /r:"C:\Program Files (x86)\Reference Assemblies\Microsoft\Framework\.NETFramework\v4.0\System.Windows.Forms.dll" /r:"C:\Program Files (x86)\Reference Assemblies\Microsoft\Framework\.NETFramework\v4.0\System.Xml.dll" /compile Form1.resX,Debug\DYN232MCSampleCodeV1128.Form1.resources
         Processing resource file "Form1.resX" into "Debug\DYN232MCSampleCodeV1128.Form1.resources".
       ResourceCompile:
         All outputs are up-to-date.
       Link:
         c:\Program Files (x86)\Microsoft Visual Studio 10.0\VC\bin\link.exe /ERRORREPORT:PROMPT /OUT:"C:\Users\Tianyu Li\Desktop\Visual Studio Projects\DYN232M C++ Sample Code V11.28\Debug\DYN232M C++ Sample Code V11.28.exe" /INCREMENTAL /NOLOGO /ASSEMBLYRESOURCE:Debug\DYN232MCSampleCodeV1128.Form1.resources /MANIFEST /ManifestFile:"Debug\DYN232M C++ Sample Code V11.28.exe.intermediate.manifest" /MANIFESTUAC:"level='asInvoker' uiAccess='false'" /DEBUG /PDB:"C:\Users\Tianyu Li\Desktop\Visual Studio Projects\DYN232M C++ Sample Code V11.28\Debug\DYN232M C++ Sample Code V11.28.pdb" /ASSEMBLYDEBUG /SUBSYSTEM:WINDOWS /TLBID:1 /ENTRY:"main" /DYNAMICBASE /FIXED:NO /NXCOMPAT /MACHINE:X86 Debug\app.res
         Debug\AssemblyInfo.obj
         "Debug\DYN232M C++ Sample Code V11.28.obj"
         Debug\stdafx.obj
         "Debug\.NETFramework,Version=v4.0.AssemblyAttributes.obj"
         DYN232M C++ Sample Code V11.28.vcxproj -> C:\Users\Tianyu Li\Desktop\Visual Studio Projects\DYN232M C++ Sample Code V11.28\Debug\DYN232M C++ Sample Code V11.28.exe
       Manifest:
         C:\Program Files (x86)\Microsoft SDKs\Windows\v7.0A\bin\mt.exe /nologo /verbose /outputresource:"C:\Users\Tianyu Li\Desktop\Visual Studio Projects\DYN232M C++ Sample Code V11.28\Debug\DYN232M C++ Sample Code V11.28.exe;#1" /manifest "Debug\DYN232M C++ Sample Code V11.28.exe.intermediate.manifest"
       FinalizeBuildStatus:
         Deleting file "Debug\DYN232M C++ Sample Code V11.28.unsuccessfulbuild".
         Touching "Debug\DYN232M C++ Sample Code V11.28.lastbuildstate".
     1>Done Building Project "C:\Users\Tianyu Li\Desktop\Visual Studio Projects\DYN232M C++ Sample Code V11.28\DYN232M C++ Sample Code V11.28\DYN232M C++ Sample Code V11.28.vcxproj" (build target(s)).

Build succeeded.

Time Elapsed 00:00:01.27
